<?xml version="1.0" encoding="UTF-8"?>
<testng-results skipped="0" failed="0" total="1" passed="1">
  <reporter-output>
  </reporter-output>
  <suite name="Suite1" duration-ms="28782" started-at="2016-12-15T10:43:26Z" finished-at="2016-12-15T10:43:54Z">
    <groups>
    </groups>
    <test name="Test1" duration-ms="28782" started-at="2016-12-15T10:43:26Z" finished-at="2016-12-15T10:43:54Z">
      <class name="SeleniumPack.JenkinsTest">
        <test-method status="PASS" signature="JenTest()[pri:0, instance:SeleniumPack.JenkinsTest@61443d8f]" name="JenTest" duration-ms="28766" started-at="2016-12-15T16:13:26Z" finished-at="2016-12-15T16:13:54Z">
          <reporter-output>
          </reporter-output>
        </test-method> <!-- JenTest -->
      </class> <!-- SeleniumPack.JenkinsTest -->
    </test> <!-- Test1 -->
  </suite> <!-- Suite1 -->
</testng-results>
