<?xml version="1.0" encoding="UTF-8"?>
<!-- Generated by org.testng.reporters.JUnitXMLReporter -->
<testsuite hostname="P3C-3YMPX52" name="Default test" tests="5" failures="0" timestamp="21 Dec 2016 11:57:02 GMT" time="28.524" errors="0">
  <testcase name="SauceLabsTest" time="14.295" classname="SeleniumPack.SauceTest"/>
  <testcase name="SauceLabsTest" time="16.865" classname="SeleniumPack.SauceTest"/>
  <testcase name="SauceLabsTest" time="19.139" classname="SeleniumPack.SauceTest"/>
  <testcase name="SauceLabsTest" time="25.408" classname="SeleniumPack.SauceTest"/>
  <testcase name="SauceLabsTest" time="28.49" classname="SeleniumPack.SauceTest"/>
</testsuite> <!-- Default test -->
