<?xml version="1.0" encoding="UTF-8"?>
<testng-results skipped="0" failed="0" total="5" passed="5">
  <reporter-output>
  </reporter-output>
  <suite name="Default suite" duration-ms="28524" started-at="2016-12-21T11:56:34Z" finished-at="2016-12-21T11:57:02Z">
    <groups>
    </groups>
    <test name="Default test" duration-ms="28524" started-at="2016-12-21T11:56:34Z" finished-at="2016-12-21T11:57:02Z">
      <class name="SeleniumPack.SauceTest">
        <test-method status="PASS" signature="SauceLabsTest(java.lang.String, java.lang.String, java.lang.String)[pri:0, instance:SeleniumPack.SauceTest@feb3fa]" name="SauceLabsTest" duration-ms="28490" started-at="2016-12-21T17:26:34Z" data-provider="hardCodedBrowsers" finished-at="2016-12-21T17:27:02Z">
          <params>
            <param index="0">
              <value>
                <![CDATA[MicrosoftEdge]]>
              </value>
            </param>
            <param index="1">
              <value>
                <![CDATA[14.14393]]>
              </value>
            </param>
            <param index="2">
              <value>
                <![CDATA[Windows 10]]>
              </value>
            </param>
          </params>
          <reporter-output>
          </reporter-output>
        </test-method> <!-- SauceLabsTest -->
        <test-method status="PASS" signature="SauceLabsTest(java.lang.String, java.lang.String, java.lang.String)[pri:0, instance:SeleniumPack.SauceTest@feb3fa]" name="SauceLabsTest" duration-ms="25408" started-at="2016-12-21T17:26:34Z" data-provider="hardCodedBrowsers" finished-at="2016-12-21T17:26:59Z">
          <params>
            <param index="0">
              <value>
                <![CDATA[safari]]>
              </value>
            </param>
            <param index="1">
              <value>
                <![CDATA[10.0]]>
              </value>
            </param>
            <param index="2">
              <value>
                <![CDATA[OS X 10.11]]>
              </value>
            </param>
          </params>
          <reporter-output>
          </reporter-output>
        </test-method> <!-- SauceLabsTest -->
        <test-method status="PASS" signature="SauceLabsTest(java.lang.String, java.lang.String, java.lang.String)[pri:0, instance:SeleniumPack.SauceTest@feb3fa]" name="SauceLabsTest" duration-ms="19139" started-at="2016-12-21T17:26:34Z" data-provider="hardCodedBrowsers" finished-at="2016-12-21T17:26:53Z">
          <params>
            <param index="0">
              <value>
                <![CDATA[chrome]]>
              </value>
            </param>
            <param index="1">
              <value>
                <![CDATA[54.0]]>
              </value>
            </param>
            <param index="2">
              <value>
                <![CDATA[OS X 10.10]]>
              </value>
            </param>
          </params>
          <reporter-output>
          </reporter-output>
        </test-method> <!-- SauceLabsTest -->
        <test-method status="PASS" signature="SauceLabsTest(java.lang.String, java.lang.String, java.lang.String)[pri:0, instance:SeleniumPack.SauceTest@feb3fa]" name="SauceLabsTest" duration-ms="14295" started-at="2016-12-21T17:26:34Z" data-provider="hardCodedBrowsers" finished-at="2016-12-21T17:26:48Z">
          <params>
            <param index="0">
              <value>
                <![CDATA[firefox]]>
              </value>
            </param>
            <param index="1">
              <value>
                <![CDATA[49.0]]>
              </value>
            </param>
            <param index="2">
              <value>
                <![CDATA[Windows 10]]>
              </value>
            </param>
          </params>
          <reporter-output>
          </reporter-output>
        </test-method> <!-- SauceLabsTest -->
        <test-method status="PASS" signature="SauceLabsTest(java.lang.String, java.lang.String, java.lang.String)[pri:0, instance:SeleniumPack.SauceTest@feb3fa]" name="SauceLabsTest" duration-ms="16865" started-at="2016-12-21T17:26:34Z" data-provider="hardCodedBrowsers" finished-at="2016-12-21T17:26:51Z">
          <params>
            <param index="0">
              <value>
                <![CDATA[internet explorer]]>
              </value>
            </param>
            <param index="1">
              <value>
                <![CDATA[11.0]]>
              </value>
            </param>
            <param index="2">
              <value>
                <![CDATA[Windows 7]]>
              </value>
            </param>
          </params>
          <reporter-output>
          </reporter-output>
        </test-method> <!-- SauceLabsTest -->
      </class> <!-- SeleniumPack.SauceTest -->
    </test> <!-- Default test -->
  </suite> <!-- Default suite -->
</testng-results>
